<?xml version="1.0" encoding="UTF-8"?>
<robot generator="Robot 7.4.1 (Python 3.13.1 on win32)" generated="2026-02-12T16:38:59.301011" rpa="false" schemaversion="5">
<suite id="s1" name="Simulate1" source="D:\ปี2\tester\Software-Testing-_Quiz02\simulate1.robot">
<kw name="Open Browser" owner="SeleniumLibrary" type="SETUP">
<msg time="2026-02-12T16:38:59.697860" level="INFO">Opening browser 'Chrome' to base url 'https://reg.up.ac.th/app/main'.</msg>
<arg>https://reg.up.ac.th/app/main</arg>
<arg>Chrome</arg>
<doc>Opens a new browser instance to the optional ``url``.</doc>
<status status="PASS" start="2026-02-12T16:38:59.697450" elapsed="3.508981"/>
</kw>
<test id="s1-t1" name="Choose Grade Process" line="56">
<kw name="Reg Login">
<kw name="Maximize Browser Window" owner="SeleniumLibrary">
<doc>Maximizes current browser window.</doc>
<status status="PASS" start="2026-02-12T16:39:03.209156" elapsed="0.115565"/>
</kw>
<kw name="Check Open REG">
<kw name="Wait Until Page Contains" owner="SeleniumLibrary">
<arg>ระบบบริการการศึกษา</arg>
<arg>timeout=10s</arg>
<doc>Waits until ``text`` appears on the current page.</doc>
<status status="PASS" start="2026-02-12T16:39:03.325771" elapsed="0.195457"/>
</kw>
<status status="PASS" start="2026-02-12T16:39:03.324958" elapsed="0.196397"/>
</kw>
<kw name="Accept Cookies">
<kw name="Set Variable" owner="BuiltIn">
<msg time="2026-02-12T16:39:03.522314" level="INFO">${btn_accept} = xpath://button[contains(text(), 'ยอมรับ')]</msg>
<var>${btn_accept}</var>
<arg>xpath://button[contains(text(), 'ยอมรับ')]</arg>
<doc>Returns the given values which can then be assigned to a variables.</doc>
<status status="PASS" start="2026-02-12T16:39:03.521793" elapsed="0.000583"/>
</kw>
<kw name="Wait Until Element Is Visible" owner="SeleniumLibrary">
<arg>${btn_accept}</arg>
<arg>timeout=5s</arg>
<doc>Waits until the element ``locator`` is visible.</doc>
<status status="PASS" start="2026-02-12T16:39:03.522658" elapsed="0.114087"/>
</kw>
<kw name="Click Element" owner="SeleniumLibrary">
<msg time="2026-02-12T16:39:03.637211" level="INFO">Clicking element 'xpath://button[contains(text(), 'ยอมรับ')]'.</msg>
<arg>${btn_accept}</arg>
<doc>Click the element identified by ``locator``.</doc>
<status status="PASS" start="2026-02-12T16:39:03.636958" elapsed="0.188868"/>
</kw>
<kw name="Sleep" owner="BuiltIn">
<msg time="2026-02-12T16:39:04.826991" level="INFO">Slept 1 second.</msg>
<arg>1s</arg>
<doc>Pauses the test executed for the given time.</doc>
<status status="PASS" start="2026-02-12T16:39:03.826092" elapsed="1.000998"/>
</kw>
<status status="PASS" start="2026-02-12T16:39:03.521530" elapsed="1.305660"/>
</kw>
<kw name="Go to Login">
<kw name="Click Avatar">
<kw name="Wait Until Element Is Visible" owner="SeleniumLibrary">
<arg>css:.header-wrapicon2 .js-show-header-dropdown img</arg>
<arg>timeout=10s</arg>
<doc>Waits until the element ``locator`` is visible.</doc>
<status status="PASS" start="2026-02-12T16:39:04.827766" elapsed="0.023102"/>
</kw>
<kw name="Click Element" owner="SeleniumLibrary">
<msg time="2026-02-12T16:39:04.851211" level="INFO">Clicking element 'css:.header-wrapicon2 .js-show-header-dropdown img'.</msg>
<arg>css:.header-wrapicon2 .js-show-header-dropdown img</arg>
<doc>Click the element identified by ``locator``.</doc>
<status status="PASS" start="2026-02-12T16:39:04.851029" elapsed="0.065613"/>
</kw>
<status status="PASS" start="2026-02-12T16:39:04.827580" elapsed="0.089223"/>
</kw>
<kw name="Wait Until Page Contains" owner="SeleniumLibrary">
<arg>หากพบปัญหาการเข้าสู่ระบบ</arg>
<arg>timeout=10s</arg>
<doc>Waits until ``text`` appears on the current page.</doc>
<status status="PASS" start="2026-02-12T16:39:04.916995" elapsed="0.017148"/>
</kw>
<kw name="Execute Javascript" owner="SeleniumLibrary">
<msg time="2026-02-12T16:39:04.934868" level="INFO">Executing JavaScript:
document.querySelector('a.btn-grad').click()
Without any arguments.</msg>
<arg>document.querySelector('a.btn-grad').click()</arg>
<doc>Executes the given JavaScript code with possible arguments.</doc>
<status status="PASS" start="2026-02-12T16:39:04.934386" elapsed="1.734114"/>
</kw>
<status status="PASS" start="2026-02-12T16:39:04.827341" elapsed="1.841352"/>
</kw>
<kw name="Office 365 Login">
<kw name="Input Username">
<kw name="Wait Until Element Is Visible" owner="SeleniumLibrary">
<arg>id:i0116</arg>
<arg>timeout=10s</arg>
<doc>Waits until the element ``locator`` is visible.</doc>
<status status="PASS" start="2026-02-12T16:39:06.669758" elapsed="0.659726"/>
</kw>
<kw name="Input Text" owner="SeleniumLibrary">
<msg time="2026-02-12T16:39:07.330028" level="INFO">Typing text '67023031@up.ac.th' into text field 'id:i0116'.</msg>
<arg>id:i0116</arg>
<arg>${EMAIL}</arg>
<arg>timeout=10s</arg>
<doc>Types the given ``text`` into the text field identified by ``locator``.</doc>
<status status="PASS" start="2026-02-12T16:39:07.329715" elapsed="0.201784"/>
</kw>
<kw name="Click Element" owner="SeleniumLibrary">
<msg time="2026-02-12T16:39:07.531968" level="INFO">Clicking element 'id:idSIButton9'.</msg>
<arg>id:idSIButton9</arg>
<doc>Click the element identified by ``locator``.</doc>
<status status="PASS" start="2026-02-12T16:39:07.531779" elapsed="0.114909"/>
</kw>
<status status="PASS" start="2026-02-12T16:39:06.669425" elapsed="0.977448"/>
</kw>
<kw name="Input Password">
<kw name="Wait Until Element Is Visible" owner="SeleniumLibrary">
<arg>id:i0118</arg>
<arg>timeout=10s</arg>
<doc>Waits until the element ``locator`` is visible.</doc>
<status status="PASS" start="2026-02-12T16:39:07.647401" elapsed="1.172526"/>
</kw>
<kw name="Input Text" owner="SeleniumLibrary">
<msg time="2026-02-12T16:39:08.820452" level="INFO">Typing text 'Focus_1649' into text field 'id:i0118'.</msg>
<arg>id:i0118</arg>
<arg>${PASSWORD}</arg>
<arg>timeout=10s</arg>
<doc>Types the given ``text`` into the text field identified by ``locator``.</doc>
<status status="PASS" start="2026-02-12T16:39:08.820132" elapsed="0.093902"/>
</kw>
<kw name="Click Element" owner="SeleniumLibrary">
<msg time="2026-02-12T16:39:08.914769" level="INFO">Clicking element 'id:idSIButton9'.</msg>
<arg>id:idSIButton9</arg>
<doc>Click the element identified by ``locator``.</doc>
<status status="PASS" start="2026-02-12T16:39:08.914316" elapsed="0.413510"/>
</kw>
<kw name="Wait Until Page Contains" owner="SeleniumLibrary">
<arg>อนุมัติคำขอลงชื่อเข้าใช้</arg>
<arg>timeout=10s</arg>
<doc>Waits until ``text`` appears on the current page.</doc>
<status status="PASS" start="2026-02-12T16:39:09.328192" elapsed="1.465268"/>
</kw>
<status status="PASS" start="2026-02-12T16:39:07.647118" elapsed="3.146462"/>
</kw>
<kw name="Wait Until Page Contains" owner="SeleniumLibrary">
<arg>ลงชื่อเข้าใช้ค้างไว้หรือไม่</arg>
<arg>timeout=10s</arg>
<doc>Waits until ``text`` appears on the current page.</doc>
<status status="PASS" start="2026-02-12T16:39:10.793710" elapsed="5.026093"/>
</kw>
<kw name="Click Element" owner="SeleniumLibrary">
<msg time="2026-02-12T16:39:15.820379" level="INFO">Clicking element 'id:idSIButton9'.</msg>
<arg>id:idSIButton9</arg>
<doc>Click the element identified by ``locator``.</doc>
<status status="PASS" start="2026-02-12T16:39:15.820093" elapsed="0.086617"/>
</kw>
<kw name="Wait Until Page Contains" owner="SeleniumLibrary">
<arg>ระบบบริการการศึกษา</arg>
<arg>timeout=10s</arg>
<doc>Waits until ``text`` appears on the current page.</doc>
<status status="PASS" start="2026-02-12T16:39:15.906889" elapsed="1.888951"/>
</kw>
<status status="PASS" start="2026-02-12T16:39:06.668988" elapsed="11.127282"/>
</kw>
<kw name="Capture Page Screenshot" owner="SeleniumLibrary">
<msg time="2026-02-12T16:39:18.140508" level="INFO" html="true">&lt;/td&gt;&lt;/tr&gt;&lt;tr&gt;&lt;td colspan="3"&gt;&lt;a href="Reg%20Login.png"&gt;&lt;img src="Reg%20Login.png" width="800px"&gt;&lt;/a&gt;</msg>
<arg>Reg Login.png</arg>
<doc>Takes a screenshot of the current page and embeds it into a log file.</doc>
<status status="PASS" start="2026-02-12T16:39:17.796889" elapsed="0.343847"/>
</kw>
<status status="PASS" start="2026-02-12T16:39:03.208137" elapsed="14.932712"/>
</kw>
<kw name="Go to simulate">
<kw name="Click Avatar">
<kw name="Wait Until Element Is Visible" owner="SeleniumLibrary">
<arg>css:.header-wrapicon2 .js-show-header-dropdown img</arg>
<arg>timeout=10s</arg>
<doc>Waits until the element ``locator`` is visible.</doc>
<status status="PASS" start="2026-02-12T16:39:18.141652" elapsed="0.023560"/>
</kw>
<kw name="Click Element" owner="SeleniumLibrary">
<msg time="2026-02-12T16:39:18.165518" level="INFO">Clicking element 'css:.header-wrapicon2 .js-show-header-dropdown img'.</msg>
<arg>css:.header-wrapicon2 .js-show-header-dropdown img</arg>
<doc>Click the element identified by ``locator``.</doc>
<status status="PASS" start="2026-02-12T16:39:18.165360" elapsed="0.067221"/>
</kw>
<status status="PASS" start="2026-02-12T16:39:18.141470" elapsed="0.091258"/>
</kw>
<kw name="Wait Until Page Contains" owner="SeleniumLibrary">
<arg>เลือกแอปพลิเคชัน</arg>
<arg>timeout=10s</arg>
<doc>Waits until ``text`` appears on the current page.</doc>
<status status="PASS" start="2026-02-12T16:39:18.232856" elapsed="0.018504"/>
</kw>
<kw name="Capture Page Screenshot" owner="SeleniumLibrary">
<msg time="2026-02-12T16:39:18.511621" level="INFO" html="true">&lt;/td&gt;&lt;/tr&gt;&lt;tr&gt;&lt;td colspan="3"&gt;&lt;a href="go_simulate.png"&gt;&lt;img src="go_simulate.png" width="800px"&gt;&lt;/a&gt;</msg>
<arg>go_simulate.png</arg>
<doc>Takes a screenshot of the current page and embeds it into a log file.</doc>
<status status="PASS" start="2026-02-12T16:39:18.251609" elapsed="0.260305"/>
</kw>
<status status="PASS" start="2026-02-12T16:39:18.141165" elapsed="0.370851"/>
</kw>
<status status="PASS" start="2026-02-12T16:39:03.206749" elapsed="15.305631"/>
</test>
<kw name="Close Browser" owner="SeleniumLibrary" type="TEARDOWN">
<doc>Closes the current browser.</doc>
<status status="PASS" start="2026-02-12T16:39:18.513339" elapsed="2.298635"/>
</kw>
<status status="PASS" start="2026-02-12T16:38:59.303061" elapsed="21.509523"/>
</suite>
<statistics>
<total>
<stat pass="1" fail="0" skip="0">All Tests</stat>
</total>
<tag>
</tag>
<suite>
<stat name="Simulate1" id="s1" pass="1" fail="0" skip="0">Simulate1</stat>
</suite>
</statistics>
<errors>
</errors>
</robot>
